Using pre-set license

 COMMAND LINE ARGUMENTS:
/Applications/Unity/Hub/Editor/2020.2.4f1/Unity.app/Contents/MacOS/Unity
-adb2
-batchMode
-noUpm
-name
AssetImportWorker3
-projectPath
/Users/dante/Workspace/Studies/Mac/Engine/Unity/Learning_01/Example
-logFile
Logs/AssetImportWorker3.log
-srvPort
50934
Successfully changed project path to: /Users/dante/Workspace/Studies/Mac/Engine/Unity/Learning_01/Example
/Users/dante/Workspace/Studies/Mac/Engine/Unity/Learning_01/Example
Using Asset Import Pipeline V2.
Refreshing native plugins compatible for Editor in 891.46 ms, found 1 plugins.
Preloading 0 native plugins for Editor in 0.00 ms.
Initialize engine version: 2020.2.4f1 (becced5a802b)
[Subsystems] Discovering subsystems at path /Applications/Unity/Hub/Editor/2020.2.4f1/Unity.app/Contents/Resources/UnitySubsystems
[Subsystems] Discovering subsystems at path /Users/dante/Workspace/Studies/Mac/Engine/Unity/Learning_01/Example/Assets
GfxDevice: creating device client; threaded=0
2021-02-15 16:02:58.611 Unity[13345:128789] Color LCD preferred device: Intel(R) Iris(TM) Graphics 6100 (low power)
2021-02-15 16:02:58.611 Unity[13345:128789] Metal devices available: 1
2021-02-15 16:02:58.611 Unity[13345:128789] 0: Intel(R) Iris(TM) Graphics 6100 (low power)
2021-02-15 16:02:58.611 Unity[13345:128789] Using device Intel(R) Iris(TM) Graphics 6100 (low power)
Initializing Metal device caps: Intel(R) Iris(TM) Graphics 6100
Shader 'Universal Render Pipeline/Particles/Lit': fallback shader 'Universal Render Pipeline/Particles/SimpleLit' not found
Initialize mono
Mono path[0] = '/Applications/Unity/Hub/Editor/2020.2.4f1/Unity.app/Contents/Managed'
Mono path[1] = '/Applications/Unity/Hub/Editor/2020.2.4f1/Unity.app/Contents/MonoBleedingEdge/lib/mono/unityjit'
Mono config path = '/Applications/Unity/Hub/Editor/2020.2.4f1/Unity.app/Contents/MonoBleedingEdge/etc'
Using monoOptions --debugger-agent=transport=dt_socket,embedding=1,server=y,suspend=n,address=127.0.0.1:56345
Begin MonoManager ReloadAssembly
Registering precompiled unity dll's ...
Register platform support module: /Applications/Unity/Hub/Editor/2020.2.4f1/Unity.app/Contents/PlaybackEngines/MacStandaloneSupport/UnityEditor.OSXStandalone.Extensions.dll
Registered in 0.005525 seconds.
Native extension for OSXStandalone target not found
Refreshing native plugins compatible for Editor in 523.84 ms, found 1 plugins.
Preloading 0 native plugins for Editor in 0.00 ms.
Invoked RoslynAnalysisRunner static constructor.
RoslynAnalysisRunner will not be running.
RoslynAnalysisRunner has terminated.
Mono: successfully reloaded assembly
- Completed reload, in 16.055 seconds
Platform modules already initialized, skipping
Registering precompiled user dll's ...
Registered in 0.019939 seconds.
Begin MonoManager ReloadAssembly
