Using pre-set license

 COMMAND LINE ARGUMENTS:
/Applications/Unity/Hub/Editor/2020.2.4f1/Unity.app/Contents/MacOS/Unity
-adb2
-batchMode
-noUpm
-name
AssetImportWorker1
-projectPath
/Users/dante/Workspace/Studies/Mac/Engine/Unity/3.x/Learning_01/Example
-logFile
Logs/AssetImportWorker1.log
-srvPort
55699
Successfully changed project path to: /Users/dante/Workspace/Studies/Mac/Engine/Unity/3.x/Learning_01/Example
/Users/dante/Workspace/Studies/Mac/Engine/Unity/3.x/Learning_01/Example
Using Asset Import Pipeline V2.
Refreshing native plugins compatible for Editor in 884.31 ms, found 1 plugins.
Preloading 0 native plugins for Editor in 0.00 ms.
Initialize engine version: 2020.2.4f1 (becced5a802b)
[Subsystems] Discovering subsystems at path /Applications/Unity/Hub/Editor/2020.2.4f1/Unity.app/Contents/Resources/UnitySubsystems
[Subsystems] Discovering subsystems at path /Users/dante/Workspace/Studies/Mac/Engine/Unity/3.x/Learning_01/Example/Assets
GfxDevice: creating device client; threaded=0
2021-02-15 22:02:12.882 Unity[60618:513442] Color LCD preferred device: Intel(R) Iris(TM) Graphics 6100 (low power)
2021-02-15 22:02:12.882 Unity[60618:513442] Metal devices available: 1
2021-02-15 22:02:12.882 Unity[60618:513442] 0: Intel(R) Iris(TM) Graphics 6100 (low power)
2021-02-15 22:02:12.885 Unity[60618:513442] Using device Intel(R) Iris(TM) Graphics 6100 (low power)
Initializing Metal device caps: Intel(R) Iris(TM) Graphics 6100
Shader 'Universal Render Pipeline/Particles/Lit': fallback shader 'Universal Render Pipeline/Particles/SimpleLit' not found
Shader 'TextMeshPro/Distance Field (UIHsvModifier)': fallback shader 'TextMeshPro/Mobile/Distance Field (UIHsv)' not found
Initialize mono
Mono path[0] = '/Applications/Unity/Hub/Editor/2020.2.4f1/Unity.app/Contents/Managed'
Mono path[1] = '/Applications/Unity/Hub/Editor/2020.2.4f1/Unity.app/Contents/MonoBleedingEdge/lib/mono/unityjit'
Mono config path = '/Applications/Unity/Hub/Editor/2020.2.4f1/Unity.app/Contents/MonoBleedingEdge/etc'
Using monoOptions --debugger-agent=transport=dt_socket,embedding=1,server=y,suspend=n,address=127.0.0.1:56618
Begin MonoManager ReloadAssembly
Registering precompiled unity dll's ...
Register platform support module: /Applications/Unity/Hub/Editor/2020.2.4f1/Unity.app/Contents/PlaybackEngines/MacStandaloneSupport/UnityEditor.OSXStandalone.Extensions.dll
Registered in 0.001119 seconds.
Native extension for OSXStandalone target not found
Refreshing native plugins compatible for Editor in 183.63 ms, found 1 plugins.
Preloading 0 native plugins for Editor in 0.00 ms.
Invoked RoslynAnalysisRunner static constructor.
RoslynAnalysisRunner will not be running.
RoslynAnalysisRunner has terminated.
Mono: successfully reloaded assembly
- Completed reload, in 10.865 seconds
Platform modules already initialized, skipping
Registering precompiled user dll's ...
Registered in 0.008702 seconds.
Begin MonoManager ReloadAssembly
Native extension for OSXStandalone target not found
Refreshing native plugins compatible for Editor in 184.30 ms, found 1 plugins.
Preloading 0 native plugins for Editor in 0.00 ms.
Invoked RoslynAnalysisRunner static constructor.
RoslynAnalysisRunner will not be running.
RoslynAnalysisRunner has terminated.
Mono: successfully reloaded assembly
- Completed reload, in  4.216 seconds
Platform modules already initialized, skipping
========================================================================
Worker process is ready to serve import requests
Shader 'Universal Render Pipeline/Particles/Lit': fallback shader 'Universal Render Pipeline/Particles/SimpleLit' not found
Shader 'TextMeshPro/Distance Field (UIHsvModifier)': fallback shader 'TextMeshPro/Mobile/Distance Field (UIHsv)' not found
Launching external process: /Applications/Unity/Hub/Editor/2020.2.4f1/Unity.app/Contents/Tools/UnityShaderCompiler
Launched and connected shader compiler UnityShaderCompiler after 0.02 seconds
Refreshing native plugins compatible for Editor in 1.78 ms, found 1 plugins.
Preloading 0 native plugins for Editor in 0.00 ms.
Unloading 4189 Unused Serialized files (Serialized files now loaded: 0)
System memory in use before: 289.9 MB.
System memory in use after: 290.0 MB.

Unloading 39 unused Assets to reduce memory usage. Loaded Objects now: 4659.
Total: 5.942529 ms (FindLiveObjects: 1.271865 ms CreateObjectMapping: 0.458467 ms MarkObjects: 3.993588 ms  DeleteObjects: 0.216426 ms)

========================================================================
Received Import Request.
  path: Assets/Assets.index
  artifactKey: Guid(3340f19cb0e084b87b5795b476fcb44d) Importer(815301076,1909f56bfc062723c751e8b465ee728b)
Start importing Assets/Assets.index using Guid(3340f19cb0e084b87b5795b476fcb44d) Importer(815301076,1909f56bfc062723c751e8b465ee728b)  -> (artifact id: '99e9aca2882c31f1db0289db65305f4c') in 1.285093 seconds
  Import took 1.298054 seconds .

========================================================================
Received Prepare
Registering precompiled user dll's ...
Registered in 0.011121 seconds.
Begin MonoManager ReloadAssembly
Native extension for OSXStandalone target not found
Refreshing native plugins compatible for Editor in 1.10 ms, found 1 plugins.
Preloading 0 native plugins for Editor in 0.00 ms.
Invoked RoslynAnalysisRunner static constructor.
RoslynAnalysisRunner will not be running.
RoslynAnalysisRunner has terminated.
Mono: successfully reloaded assembly
- Completed reload, in  2.791 seconds
Platform modules already initialized, skipping
Shader 'Universal Render Pipeline/Particles/Lit': fallback shader 'Universal Render Pipeline/Particles/SimpleLit' not found
Shader 'TextMeshPro/Distance Field (UIHsvModifier)': fallback shader 'TextMeshPro/Mobile/Distance Field (UIHsv)' not found
Refreshing native plugins compatible for Editor in 1.01 ms, found 1 plugins.
Preloading 0 native plugins for Editor in 0.00 ms.
Unloading 4075 Unused Serialized files (Serialized files now loaded: 0)
System memory in use before: 290.5 MB.
System memory in use after: 290.6 MB.

Unloading 32 unused Assets to reduce memory usage. Loaded Objects now: 4693.
Total: 5.688082 ms (FindLiveObjects: 0.723902 ms CreateObjectMapping: 0.396244 ms MarkObjects: 4.351223 ms  DeleteObjects: 0.214095 ms)

========================================================================
Received Prepare
Shader 'Universal Render Pipeline/Particles/Lit': fallback shader 'Universal Render Pipeline/Particles/SimpleLit' not found
Shader 'TextMeshPro/Distance Field (UIHsvModifier)': fallback shader 'TextMeshPro/Mobile/Distance Field (UIHsv)' not found
Refreshing native plugins compatible for Editor in 5.87 ms, found 1 plugins.
Preloading 0 native plugins for Editor in 0.00 ms.
Unloading 79 Unused Serialized files (Serialized files now loaded: 0)
System memory in use before: 213.6 MB.
System memory in use after: 213.6 MB.

Unloading 30 unused Assets to reduce memory usage. Loaded Objects now: 4744.
Total: 6.011915 ms (FindLiveObjects: 1.020277 ms CreateObjectMapping: 0.617639 ms MarkObjects: 4.183791 ms  DeleteObjects: 0.188277 ms)

========================================================================
Received Prepare
Shader 'Universal Render Pipeline/Particles/Lit': fallback shader 'Universal Render Pipeline/Particles/SimpleLit' not found
Shader 'TextMeshPro/Distance Field (UIHsvModifier)': fallback shader 'TextMeshPro/Mobile/Distance Field (UIHsv)' not found
Refreshing native plugins compatible for Editor in 5.82 ms, found 1 plugins.
Preloading 0 native plugins for Editor in 0.00 ms.
Unloading 30 Unused Serialized files (Serialized files now loaded: 0)
System memory in use before: 212.2 MB.
System memory in use after: 212.3 MB.

Unloading 30 unused Assets to reduce memory usage. Loaded Objects now: 4744.
Total: 4.560250 ms (FindLiveObjects: 0.506248 ms CreateObjectMapping: 0.224472 ms MarkObjects: 3.632634 ms  DeleteObjects: 0.194809 ms)

========================================================================
Received Prepare
Shader 'Universal Render Pipeline/Particles/Lit': fallback shader 'Universal Render Pipeline/Particles/SimpleLit' not found
Shader 'TextMeshPro/Distance Field (UIHsvModifier)': fallback shader 'TextMeshPro/Mobile/Distance Field (UIHsv)' not found
Refreshing native plugins compatible for Editor in 5.48 ms, found 1 plugins.
Preloading 0 native plugins for Editor in 0.00 ms.
Unloading 30 Unused Serialized files (Serialized files now loaded: 0)
System memory in use before: 212.3 MB.
System memory in use after: 212.4 MB.

Unloading 30 unused Assets to reduce memory usage. Loaded Objects now: 4744.
Total: 7.848614 ms (FindLiveObjects: 1.018911 ms CreateObjectMapping: 0.478746 ms MarkObjects: 6.046923 ms  DeleteObjects: 0.301483 ms)

========================================================================
Received Prepare
Shader 'Universal Render Pipeline/Particles/Lit': fallback shader 'Universal Render Pipeline/Particles/SimpleLit' not found
Shader 'TextMeshPro/Distance Field (UIHsvModifier)': fallback shader 'TextMeshPro/Mobile/Distance Field (UIHsv)' not found
Refreshing native plugins compatible for Editor in 8.97 ms, found 1 plugins.
Preloading 0 native plugins for Editor in 0.00 ms.
Unloading 30 Unused Serialized files (Serialized files now loaded: 0)
System memory in use before: 212.4 MB.
System memory in use after: 212.5 MB.

Unloading 30 unused Assets to reduce memory usage. Loaded Objects now: 4744.
Total: 9.996545 ms (FindLiveObjects: 0.505339 ms CreateObjectMapping: 0.222331 ms MarkObjects: 8.965447 ms  DeleteObjects: 0.300391 ms)

========================================================================
Received Prepare
Shader 'Universal Render Pipeline/Particles/Lit': fallback shader 'Universal Render Pipeline/Particles/SimpleLit' not found
Shader 'TextMeshPro/Distance Field (UIHsvModifier)': fallback shader 'TextMeshPro/Mobile/Distance Field (UIHsv)' not found
Refreshing native plugins compatible for Editor in 5.05 ms, found 1 plugins.
Preloading 0 native plugins for Editor in 0.00 ms.
Unloading 30 Unused Serialized files (Serialized files now loaded: 0)
System memory in use before: 212.5 MB.
System memory in use after: 212.6 MB.

Unloading 30 unused Assets to reduce memory usage. Loaded Objects now: 4744.
Total: 4.648928 ms (FindLiveObjects: 0.617240 ms CreateObjectMapping: 0.235874 ms MarkObjects: 3.609222 ms  DeleteObjects: 0.184796 ms)

========================================================================
Received Prepare
Shader 'Universal Render Pipeline/Particles/Lit': fallback shader 'Universal Render Pipeline/Particles/SimpleLit' not found
Shader 'TextMeshPro/Distance Field (UIHsvModifier)': fallback shader 'TextMeshPro/Mobile/Distance Field (UIHsv)' not found
Refreshing native plugins compatible for Editor in 5.32 ms, found 1 plugins.
Preloading 0 native plugins for Editor in 0.00 ms.
Unloading 30 Unused Serialized files (Serialized files now loaded: 0)
System memory in use before: 212.7 MB.
System memory in use after: 212.8 MB.

Unloading 30 unused Assets to reduce memory usage. Loaded Objects now: 4744.
Total: 7.586434 ms (FindLiveObjects: 1.051754 ms CreateObjectMapping: 0.516022 ms MarkObjects: 5.826051 ms  DeleteObjects: 0.190618 ms)

========================================================================
Received Prepare
Shader 'Universal Render Pipeline/Particles/Lit': fallback shader 'Universal Render Pipeline/Particles/SimpleLit' not found
Shader 'TextMeshPro/Distance Field (UIHsvModifier)': fallback shader 'TextMeshPro/Mobile/Distance Field (UIHsv)' not found
Refreshing native plugins compatible for Editor in 5.16 ms, found 1 plugins.
Preloading 0 native plugins for Editor in 0.00 ms.
Unloading 30 Unused Serialized files (Serialized files now loaded: 0)
System memory in use before: 212.8 MB.
System memory in use after: 212.9 MB.

Unloading 30 unused Assets to reduce memory usage. Loaded Objects now: 4744.
Total: 4.771941 ms (FindLiveObjects: 0.582111 ms CreateObjectMapping: 0.238637 ms MarkObjects: 3.744164 ms  DeleteObjects: 0.204653 ms)

========================================================================
Received Prepare
Shader 'Universal Render Pipeline/Particles/Lit': fallback shader 'Universal Render Pipeline/Particles/SimpleLit' not found
Shader 'TextMeshPro/Distance Field (UIHsvModifier)': fallback shader 'TextMeshPro/Mobile/Distance Field (UIHsv)' not found
Refreshing native plugins compatible for Editor in 8.04 ms, found 1 plugins.
Preloading 0 native plugins for Editor in 0.00 ms.
Unloading 30 Unused Serialized files (Serialized files now loaded: 0)
System memory in use before: 212.9 MB.
System memory in use after: 213.0 MB.

Unloading 30 unused Assets to reduce memory usage. Loaded Objects now: 4744.
Total: 5.074482 ms (FindLiveObjects: 0.578323 ms CreateObjectMapping: 0.287102 ms MarkObjects: 4.003507 ms  DeleteObjects: 0.202955 ms)

========================================================================
Received Prepare
Shader 'Universal Render Pipeline/Particles/Lit': fallback shader 'Universal Render Pipeline/Particles/SimpleLit' not found
Shader 'TextMeshPro/Distance Field (UIHsvModifier)': fallback shader 'TextMeshPro/Mobile/Distance Field (UIHsv)' not found
Refreshing native plugins compatible for Editor in 13.41 ms, found 1 plugins.
Preloading 0 native plugins for Editor in 0.00 ms.
Unloading 30 Unused Serialized files (Serialized files now loaded: 0)
System memory in use before: 213.1 MB.
System memory in use after: 213.2 MB.

Unloading 30 unused Assets to reduce memory usage. Loaded Objects now: 4744.
Total: 7.861833 ms (FindLiveObjects: 1.000665 ms CreateObjectMapping: 0.529860 ms MarkObjects: 6.066536 ms  DeleteObjects: 0.262247 ms)

========================================================================
Received Prepare
Shader 'Universal Render Pipeline/Particles/Lit': fallback shader 'Universal Render Pipeline/Particles/SimpleLit' not found
Shader 'TextMeshPro/Distance Field (UIHsvModifier)': fallback shader 'TextMeshPro/Mobile/Distance Field (UIHsv)' not found
Refreshing native plugins compatible for Editor in 5.84 ms, found 1 plugins.
Preloading 0 native plugins for Editor in 0.00 ms.
Unloading 30 Unused Serialized files (Serialized files now loaded: 0)
System memory in use before: 213.2 MB.
System memory in use after: 213.3 MB.

Unloading 30 unused Assets to reduce memory usage. Loaded Objects now: 4744.
Total: 5.063426 ms (FindLiveObjects: 0.621476 ms CreateObjectMapping: 0.324743 ms MarkObjects: 3.805939 ms  DeleteObjects: 0.308294 ms)

========================================================================
Received Import Request.
  Time since last request: 35.069880 seconds.
  path: Assets/01.UnityProject/Scenes
  artifactKey: Guid(bc462644226744aa1b9f8e638bc28e82) Importer(815301076,1909f56bfc062723c751e8b465ee728b)
Start importing Assets/01.UnityProject/Scenes using Guid(bc462644226744aa1b9f8e638bc28e82) Importer(815301076,1909f56bfc062723c751e8b465ee728b)  -> (artifact id: '3770f3455a3e8262c0c8d13c0d42a020') in 0.003939 seconds
  Import took 0.018871 seconds .

========================================================================
Received Import Request.
  Time since last request: 0.024739 seconds.
  path: Assets/01.UnityProject/Scenes
  artifactKey: Guid(bc462644226744aa1b9f8e638bc28e82) Importer(815301076,1909f56bfc062723c751e8b465ee728b)
Start importing Assets/01.UnityProject/Scenes using Guid(bc462644226744aa1b9f8e638bc28e82) Importer(815301076,1909f56bfc062723c751e8b465ee728b)  -> (artifact id: '3770f3455a3e8262c0c8d13c0d42a020') in 0.001721 seconds
  Import took 0.026050 seconds .

========================================================================
Received Import Request.
  Time since last request: 6.242346 seconds.
  path: Assets/01.UnityProject/Scenes/E01/E01.Example_052.unity
  artifactKey: Guid(ac855be259d6449be87d9fdf501da687) Importer(815301076,1909f56bfc062723c751e8b465ee728b)
Start importing Assets/01.UnityProject/Scenes/E01/E01.Example_052.unity using Guid(ac855be259d6449be87d9fdf501da687) Importer(815301076,1909f56bfc062723c751e8b465ee728b)  -> (artifact id: 'b6d0c0feb5784a656eb16c7d4a610034') in 0.032248 seconds
  Import took 0.044298 seconds .

========================================================================
Received Import Request.
  Time since last request: 15.009266 seconds.
  path: Assets/01.UnityProject/Scenes/E01/===== 왕초보 따라하여 게임 만들기 =====.unity
  artifactKey: Guid(db293871b06834a12b2433f22ec1241c) Importer(815301076,1909f56bfc062723c751e8b465ee728b)
Start importing Assets/01.UnityProject/Scenes/E01/===== 왕초보 따라하여 게임 만들기 =====.unity using Guid(db293871b06834a12b2433f22ec1241c) Importer(815301076,1909f56bfc062723c751e8b465ee728b)  -> (artifact id: '06c6e14fd1bf8190a1d563cf98ef3c7c') in 0.002330 seconds
  Import took 0.036454 seconds .

========================================================================
Received Import Request.
  Time since last request: 1.208434 seconds.
  path: Assets/01.UnityProject/Scenes/E01/===== 왕초보 따라하여 게임 만들기 =====Settings.lighting
  artifactKey: Guid(5b54963cc09404cbf846d432c23d62f9) Importer(815301076,1909f56bfc062723c751e8b465ee728b)
Start importing Assets/01.UnityProject/Scenes/E01/===== 왕초보 따라하여 게임 만들기 =====Settings.lighting using Guid(5b54963cc09404cbf846d432c23d62f9) Importer(815301076,1909f56bfc062723c751e8b465ee728b)  -> (artifact id: 'aaa944317fdf5e23514993ba4c70af44') in 0.782316 seconds
  Import took 0.793200 seconds .

