Using pre-set license

 COMMAND LINE ARGUMENTS:
/Applications/Unity/Hub/Editor/2020.2.4f1/Unity.app/Contents/MacOS/Unity
-adb2
-batchMode
-noUpm
-name
AssetImportWorker0
-projectPath
/Users/dante/Workspace/Studies/Mac/Engine/Unity/Learning_01/Example
-logFile
Logs/AssetImportWorker0.log
-srvPort
50624
Successfully changed project path to: /Users/dante/Workspace/Studies/Mac/Engine/Unity/Learning_01/Example
/Users/dante/Workspace/Studies/Mac/Engine/Unity/Learning_01/Example
Using Asset Import Pipeline V2.
Refreshing native plugins compatible for Editor in 496.69 ms, found 1 plugins.
Preloading 0 native plugins for Editor in 0.00 ms.
Initialize engine version: 2020.2.4f1 (becced5a802b)
[Subsystems] Discovering subsystems at path /Applications/Unity/Hub/Editor/2020.2.4f1/Unity.app/Contents/Resources/UnitySubsystems
[Subsystems] Discovering subsystems at path /Users/dante/Workspace/Studies/Mac/Engine/Unity/Learning_01/Example/Assets
GfxDevice: creating device client; threaded=0
2021-02-14 16:26:39.322 Unity[8551:96960] Color LCD preferred device: Intel(R) Iris(TM) Graphics 6100 (low power)
2021-02-14 16:26:39.322 Unity[8551:96960] Metal devices available: 1
2021-02-14 16:26:39.323 Unity[8551:96960] 0: Intel(R) Iris(TM) Graphics 6100 (low power)
2021-02-14 16:26:39.324 Unity[8551:96960] Using device Intel(R) Iris(TM) Graphics 6100 (low power)
Initializing Metal device caps: Intel(R) Iris(TM) Graphics 6100
Shader 'Universal Render Pipeline/Particles/Lit': fallback shader 'Universal Render Pipeline/Particles/SimpleLit' not found
Initialize mono
Mono path[0] = '/Applications/Unity/Hub/Editor/2020.2.4f1/Unity.app/Contents/Managed'
Mono path[1] = '/Applications/Unity/Hub/Editor/2020.2.4f1/Unity.app/Contents/MonoBleedingEdge/lib/mono/unityjit'
Mono config path = '/Applications/Unity/Hub/Editor/2020.2.4f1/Unity.app/Contents/MonoBleedingEdge/etc'
Using monoOptions --debugger-agent=transport=dt_socket,embedding=1,server=y,suspend=n,address=127.0.0.1:56551
Begin MonoManager ReloadAssembly
Registering precompiled unity dll's ...
Register platform support module: /Applications/Unity/Hub/Editor/2020.2.4f1/Unity.app/Contents/PlaybackEngines/MacStandaloneSupport/UnityEditor.OSXStandalone.Extensions.dll
Registered in 0.005886 seconds.
Native extension for OSXStandalone target not found
Refreshing native plugins compatible for Editor in 379.12 ms, found 1 plugins.
Preloading 0 native plugins for Editor in 0.00 ms.
Invoked RoslynAnalysisRunner static constructor.
RoslynAnalysisRunner will not be running.
RoslynAnalysisRunner has terminated.
Mono: successfully reloaded assembly
- Completed reload, in 14.445 seconds
Platform modules already initialized, skipping
Registering precompiled user dll's ...
Registered in 0.005174 seconds.
Begin MonoManager ReloadAssembly
Native extension for OSXStandalone target not found
Refreshing native plugins compatible for Editor in 137.15 ms, found 1 plugins.
Preloading 0 native plugins for Editor in 0.00 ms.
Invoked RoslynAnalysisRunner static constructor.
RoslynAnalysisRunner will not be running.
RoslynAnalysisRunner has terminated.
Mono: successfully reloaded assembly
- Completed reload, in  3.517 seconds
Platform modules already initialized, skipping
========================================================================
Worker process is ready to serve import requests
Shader 'TextMeshPro/Distance Field (SoftMaskable)': fallback shader 'TextMeshPro/Mobile/Distance Field' not found
Shader 'TextMeshPro/Distance Field (UIHsvModifier)': fallback shader 'TextMeshPro/Mobile/Distance Field (UIHsv)' not found
Shader 'Universal Render Pipeline/Particles/Lit': fallback shader 'Universal Render Pipeline/Particles/SimpleLit' not found
Shader 'TextMeshPro/Distance Field (SoftMaskable)': fallback shader 'TextMeshPro/Mobile/Distance Field' not found
Shader 'TextMeshPro/Distance Field (UIHsvModifier)': fallback shader 'TextMeshPro/Mobile/Distance Field (UIHsv)' not found
Launching external process: /Applications/Unity/Hub/Editor/2020.2.4f1/Unity.app/Contents/Tools/UnityShaderCompiler
Launched and connected shader compiler UnityShaderCompiler after 0.05 seconds
Refreshing native plugins compatible for Editor in 1.08 ms, found 1 plugins.
Preloading 0 native plugins for Editor in 0.00 ms.
Unloading 4222 Unused Serialized files (Serialized files now loaded: 0)
System memory in use before: 292.5 MB.
System memory in use after: 291.8 MB.

Unloading 57 unused Assets to reduce memory usage. Loaded Objects now: 4677.
Total: 6.585506 ms (FindLiveObjects: 0.750228 ms CreateObjectMapping: 0.367792 ms MarkObjects: 4.684185 ms  DeleteObjects: 0.781117 ms)

========================================================================
Received Import Request.
  path: Assets/InputSystem.inputsettings.asset
  artifactKey: Guid(59e005857a86a4f3191f5919ae402868) Importer(815301076,1909f56bfc062723c751e8b465ee728b)
Start importing Assets/InputSystem.inputsettings.asset using Guid(59e005857a86a4f3191f5919ae402868) Importer(815301076,1909f56bfc062723c751e8b465ee728b)  -> (artifact id: 'd8b8a6eeed5097009a3d9dfe5e30b8b7') in 2.117081 seconds
  Import took 2.133609 seconds .

========================================================================
Received Import Request.
  Time since last request: 16.482118 seconds.
  path: Assets/01.UnityProject/Resources/Scriptables/Global/G_DefineSymbolTable.asset
  artifactKey: Guid(cc944e8819c344335b3328b0b7694bff) Importer(815301076,1909f56bfc062723c751e8b465ee728b)
Start importing Assets/01.UnityProject/Resources/Scriptables/Global/G_DefineSymbolTable.asset using Guid(cc944e8819c344335b3328b0b7694bff) Importer(815301076,1909f56bfc062723c751e8b465ee728b)  -> (artifact id: 'b435bbedc5d4d7bf18fec58dd929fef7') in 0.003953 seconds
  Import took 0.016188 seconds .

========================================================================
Received Import Request.
  Time since last request: 0.050349 seconds.
  path: Assets/01.UnityProject/Resources/Scriptables/Global/G_DefineSymbolTable.asset
  artifactKey: Guid(cc944e8819c344335b3328b0b7694bff) Importer(815301076,1909f56bfc062723c751e8b465ee728b)
Start importing Assets/01.UnityProject/Resources/Scriptables/Global/G_DefineSymbolTable.asset using Guid(cc944e8819c344335b3328b0b7694bff) Importer(815301076,1909f56bfc062723c751e8b465ee728b)  -> (artifact id: 'b435bbedc5d4d7bf18fec58dd929fef7') in 0.002689 seconds
  Import took 0.011535 seconds .

========================================================================
Received Import Request.
  Time since last request: 28.856405 seconds.
  path: Assets/00.AutoCreate/Scripts/Runtime/Global/Utility/External
  artifactKey: Guid(fc92a9071f12146f0a45cad34a0a5807) Importer(815301076,1909f56bfc062723c751e8b465ee728b)
Start importing Assets/00.AutoCreate/Scripts/Runtime/Global/Utility/External using Guid(fc92a9071f12146f0a45cad34a0a5807) Importer(815301076,1909f56bfc062723c751e8b465ee728b)  -> (artifact id: 'b4c5974fca31b98916836b0ab32ec413') in 0.001480 seconds
  Import took 0.033738 seconds .

========================================================================
Received Import Request.
  Time since last request: 0.658551 seconds.
  path: Assets/00.AutoCreate/Scripts/Runtime/Global/Utility/External/CMsgPackRegister.cs
  artifactKey: Guid(b30b76f5797ec40258fa6eb43b2c903f) Importer(815301076,1909f56bfc062723c751e8b465ee728b)
Start importing Assets/00.AutoCreate/Scripts/Runtime/Global/Utility/External/CMsgPackRegister.cs using Guid(b30b76f5797ec40258fa6eb43b2c903f) Importer(815301076,1909f56bfc062723c751e8b465ee728b)  -> (artifact id: '5775fb92a9aeed0250f37cd9ec15df60') in 0.836335 seconds
  Import took 0.863939 seconds .

========================================================================
Received Import Request.
  Time since last request: 0.000456 seconds.
  path: Assets/00.AutoCreate/Scripts/Runtime/Global/Utility
  artifactKey: Guid(5ea65a7ae6b6641ecb5e7fc8a2420f79) Importer(815301076,1909f56bfc062723c751e8b465ee728b)
Start importing Assets/00.AutoCreate/Scripts/Runtime/Global/Utility using Guid(5ea65a7ae6b6641ecb5e7fc8a2420f79) Importer(815301076,1909f56bfc062723c751e8b465ee728b)  -> (artifact id: 'e1f3da91ecb193ebfc234f9f3a89dcae') in 0.001608 seconds
  Import took 0.017488 seconds .

========================================================================
Received Import Request.
  Time since last request: 1.565979 seconds.
  path: Assets/00.AutoCreate/Scripts/Runtime/Global/Function
  artifactKey: Guid(f9a4b65ff12064c8884b94d868716a74) Importer(815301076,1909f56bfc062723c751e8b465ee728b)
Start importing Assets/00.AutoCreate/Scripts/Runtime/Global/Function using Guid(f9a4b65ff12064c8884b94d868716a74) Importer(815301076,1909f56bfc062723c751e8b465ee728b)  -> (artifact id: 'd1e96ba9903dbfc20e7d91fbab9f0a9e') in 0.007752 seconds
  Import took 0.036319 seconds .

========================================================================
Received Import Request.
  Time since last request: 0.290752 seconds.
  path: Assets/00.AutoCreate/Scripts/Runtime/Global
  artifactKey: Guid(8a84b889a26da4e8fa5206b31b31a078) Importer(815301076,1909f56bfc062723c751e8b465ee728b)
Start importing Assets/00.AutoCreate/Scripts/Runtime/Global using Guid(8a84b889a26da4e8fa5206b31b31a078) Importer(815301076,1909f56bfc062723c751e8b465ee728b)  -> (artifact id: '4b02594ca5c10d53fd099dda4e63c949') in 0.010857 seconds
  Import took 0.044268 seconds .

========================================================================
Received Import Request.
  Time since last request: 0.512707 seconds.
  path: Assets/00.AutoCreate/Scripts/Runtime
  artifactKey: Guid(f118c8e27d53e4765af376f81a64e002) Importer(815301076,1909f56bfc062723c751e8b465ee728b)
Start importing Assets/00.AutoCreate/Scripts/Runtime using Guid(f118c8e27d53e4765af376f81a64e002) Importer(815301076,1909f56bfc062723c751e8b465ee728b)  -> (artifact id: '7e465c6b171244de0f0e8d8c72a0c55a') in 0.006560 seconds
  Import took 0.042563 seconds .

========================================================================
Received Import Request.
  Time since last request: 0.944394 seconds.
  path: Assets/00.AutoCreate/Scripts
  artifactKey: Guid(1e91cb92f2b63416484f80c666ad5329) Importer(815301076,1909f56bfc062723c751e8b465ee728b)
Start importing Assets/00.AutoCreate/Scripts using Guid(1e91cb92f2b63416484f80c666ad5329) Importer(815301076,1909f56bfc062723c751e8b465ee728b)  -> (artifact id: 'b292203aa24aa9f0ef57f10b61715f9a') in 0.013059 seconds
  Import took 0.041253 seconds .

========================================================================
Received Import Request.
  Time since last request: 3.395443 seconds.
  path: Assets/00.AutoCreate/Scenes
  artifactKey: Guid(757fd292db2164956b29152be3da5eb1) Importer(815301076,1909f56bfc062723c751e8b465ee728b)
Start importing Assets/00.AutoCreate/Scenes using Guid(757fd292db2164956b29152be3da5eb1) Importer(815301076,1909f56bfc062723c751e8b465ee728b)  -> (artifact id: 'f7d855c120d59fb321e7aa7549b0bcfa') in 0.007024 seconds
  Import took 0.034614 seconds .

========================================================================
Received Import Request.
  Time since last request: 0.785657 seconds.
  path: Assets/00.AutoCreate
  artifactKey: Guid(27936223bc4214ea4923c5be42e2b9c2) Importer(815301076,1909f56bfc062723c751e8b465ee728b)
Start importing Assets/00.AutoCreate using Guid(27936223bc4214ea4923c5be42e2b9c2) Importer(815301076,1909f56bfc062723c751e8b465ee728b)  -> (artifact id: 'd9ab08f67d295d9c6d75bd1cca7566e4') in 0.009821 seconds
  Import took 0.043570 seconds .

========================================================================
Received Import Request.
  Time since last request: 25.831189 seconds.
  path: Assets/01.UnityProject/00.AutoCreate/Scenes/01.MenuScene.unity
  artifactKey: Guid(95ce9f9dd37154b07b2ae3f3451c5dce) Importer(815301076,1909f56bfc062723c751e8b465ee728b)
Start importing Assets/01.UnityProject/00.AutoCreate/Scenes/01.MenuScene.unity using Guid(95ce9f9dd37154b07b2ae3f3451c5dce) Importer(815301076,1909f56bfc062723c751e8b465ee728b)  -> (artifact id: '1b739e9668edbcadedf9333ff632f5f3') in 0.003344 seconds
  Import took 0.042040 seconds .

========================================================================
Received Import Request.
  Time since last request: 6.043682 seconds.
  path: Assets/01.UnityProject/00.AutoCreate/Scenes/01.MenuScene.unity
  artifactKey: Guid(95ce9f9dd37154b07b2ae3f3451c5dce) Importer(815301076,1909f56bfc062723c751e8b465ee728b)
Start importing Assets/01.UnityProject/00.AutoCreate/Scenes/01.MenuScene.unity using Guid(95ce9f9dd37154b07b2ae3f3451c5dce) Importer(815301076,1909f56bfc062723c751e8b465ee728b)  -> (artifact id: 'b454e6f08dd0568ebfa5426440db6b30') in 0.014345 seconds
  Import took 0.063027 seconds .

========================================================================
Received Import Request.
  Time since last request: 2.381042 seconds.
  path: Assets/01.UnityProject/00.AutoCreate
  artifactKey: Guid(689a2f90a07404df0b3b33ab9c350c1f) Importer(815301076,1909f56bfc062723c751e8b465ee728b)
Start importing Assets/01.UnityProject/00.AutoCreate using Guid(689a2f90a07404df0b3b33ab9c350c1f) Importer(815301076,1909f56bfc062723c751e8b465ee728b)  -> (artifact id: 'c0dbd6f6ccad7678de5955e36d5cf925') in 0.012448 seconds
  Import took 0.046389 seconds .

========================================================================
Received Import Request.
  Time since last request: 1.249840 seconds.
  path: Assets/01.UnityProject/README.md
  artifactKey: Guid(d10bd7b73ec844a659dfc62fd0cc546d) Importer(815301076,1909f56bfc062723c751e8b465ee728b)
Start importing Assets/01.UnityProject/README.md using Guid(d10bd7b73ec844a659dfc62fd0cc546d) Importer(815301076,1909f56bfc062723c751e8b465ee728b)  -> (artifact id: 'eb3268fd5b197be25daf6011cd40cab7') in 6.078038 seconds
  Import took 6.093148 seconds .

========================================================================
Received Import Request.
  Time since last request: 0.000959 seconds.
  path: Assets/01.UnityProject/Resources/Scriptables/Global
  artifactKey: Guid(c37914854452f4a2097800eadf257cd3) Importer(815301076,1909f56bfc062723c751e8b465ee728b)
Start importing Assets/01.UnityProject/Resources/Scriptables/Global using Guid(c37914854452f4a2097800eadf257cd3) Importer(815301076,1909f56bfc062723c751e8b465ee728b)  -> (artifact id: 'db8d9c9ba055964ce291d24be1c0b6be') in 0.006426 seconds
  Import took 0.045885 seconds .

========================================================================
Received Import Request.
  Time since last request: 0.000302 seconds.
  path: Assets/01.UnityProject/Resources/Scriptables/Global/G_DeviceInfoTable.asset
  artifactKey: Guid(1a7841837fd4c4aa8ab79c14600bd86e) Importer(815301076,1909f56bfc062723c751e8b465ee728b)
Start importing Assets/01.UnityProject/Resources/Scriptables/Global/G_DeviceInfoTable.asset using Guid(1a7841837fd4c4aa8ab79c14600bd86e) Importer(815301076,1909f56bfc062723c751e8b465ee728b)  -> (artifact id: 'c9e4327a6e67c9ae147508d7cc92e793') in 0.003661 seconds
  Import took 0.013691 seconds .

========================================================================
Received Import Request.
  Time since last request: 0.000360 seconds.
  path: Assets/01.UnityProject/Resources/Fonts
  artifactKey: Guid(0c96cd514b24a4074a424df283ffdc0c) Importer(815301076,1909f56bfc062723c751e8b465ee728b)
Start importing Assets/01.UnityProject/Resources/Fonts using Guid(0c96cd514b24a4074a424df283ffdc0c) Importer(815301076,1909f56bfc062723c751e8b465ee728b)  -> (artifact id: 'ad9c0ca7ac12c47cef6978fac2cba218') in 0.001211 seconds
  Import took 0.012116 seconds .

========================================================================
Received Import Request.
  Time since last request: 0.000634 seconds.
  path: Assets/01.UnityProject/Resources
  artifactKey: Guid(3d0e2a1f1507649fc8360ea9fd0e8fa7) Importer(815301076,1909f56bfc062723c751e8b465ee728b)
Start importing Assets/01.UnityProject/Resources using Guid(3d0e2a1f1507649fc8360ea9fd0e8fa7) Importer(815301076,1909f56bfc062723c751e8b465ee728b)  -> (artifact id: '396e73d72d152ee6aa7221f044d36a5b') in 0.001887 seconds
  Import took 0.011716 seconds .

========================================================================
Received Import Request.
  Time since last request: 0.000319 seconds.
  path: Assets/01.UnityProject
  artifactKey: Guid(7ee1f25ddf05b4ec790db6f7b9875cfc) Importer(815301076,1909f56bfc062723c751e8b465ee728b)
Start importing Assets/01.UnityProject using Guid(7ee1f25ddf05b4ec790db6f7b9875cfc) Importer(815301076,1909f56bfc062723c751e8b465ee728b)  -> (artifact id: 'a74f022b3f1e467629b3762d05cf49ca') in 0.001148 seconds
  Import took 0.011223 seconds .

========================================================================
Received Import Request.
  Time since last request: 0.000302 seconds.
  path: Assets/01.UnityProject/Resources/Datas
  artifactKey: Guid(c8d78847a2b7f4be3be208d68f2a6aa7) Importer(815301076,1909f56bfc062723c751e8b465ee728b)
Start importing Assets/01.UnityProject/Resources/Datas using Guid(c8d78847a2b7f4be3be208d68f2a6aa7) Importer(815301076,1909f56bfc062723c751e8b465ee728b)  -> (artifact id: '0ceef13efefac0363d55405d66f2bb3c') in 0.001528 seconds
  Import took 0.012466 seconds .

========================================================================
Received Import Request.
  Time since last request: 0.000320 seconds.
  path: Assets/01.UnityProject/Resources/Scriptables
  artifactKey: Guid(1654fb290a1f5487e85e1ceb654b25b7) Importer(815301076,1909f56bfc062723c751e8b465ee728b)
Start importing Assets/01.UnityProject/Resources/Scriptables using Guid(1654fb290a1f5487e85e1ceb654b25b7) Importer(815301076,1909f56bfc062723c751e8b465ee728b)  -> (artifact id: 'b667f542e736bc3421e94356b13a1ba3') in 0.001524 seconds
  Import took 0.010449 seconds .

========================================================================
Received Import Request.
  Time since last request: 2.614602 seconds.
  path: Assets/Code
  artifactKey: Guid(1d14621b6f7524aa48ae90866b0105fc) Importer(815301076,1909f56bfc062723c751e8b465ee728b)
Start importing Assets/Code using Guid(1d14621b6f7524aa48ae90866b0105fc) Importer(815301076,1909f56bfc062723c751e8b465ee728b)  -> (artifact id: '4a7ea10bfd443386b5c0195e7420036e') in 0.008953 seconds
  Import took 0.044559 seconds .

========================================================================
Received Import Request.
  Time since last request: 0.197259 seconds.
  path: Assets/GooglePlayGames
  artifactKey: Guid(be1dc060adad341a28c957150c029aa0) Importer(815301076,1909f56bfc062723c751e8b465ee728b)
Start importing Assets/GooglePlayGames using Guid(be1dc060adad341a28c957150c029aa0) Importer(815301076,1909f56bfc062723c751e8b465ee728b)  -> (artifact id: '990e002f4286c5e284cf36cf2b196f58') in 0.010208 seconds
  Import took 0.046803 seconds .

========================================================================
Received Import Request.
  Time since last request: 0.230078 seconds.
  path: Assets/IronSource
  artifactKey: Guid(4eb1ab7bdf86342a49e5c5c48641724b) Importer(815301076,1909f56bfc062723c751e8b465ee728b)
Start importing Assets/IronSource using Guid(4eb1ab7bdf86342a49e5c5c48641724b) Importer(815301076,1909f56bfc062723c751e8b465ee728b)  -> (artifact id: 'e82c2d60971dfe5adff5ad4550debcd5') in 0.008273 seconds
  Import took 0.046525 seconds .

========================================================================
Received Import Request.
  Time since last request: 0.232422 seconds.
  path: Assets/Scenes
  artifactKey: Guid(b892712bc55bf4ab4bd37e573ab03917) Importer(815301076,1909f56bfc062723c751e8b465ee728b)
Start importing Assets/Scenes using Guid(b892712bc55bf4ab4bd37e573ab03917) Importer(815301076,1909f56bfc062723c751e8b465ee728b)  -> (artifact id: '5e1fd2872862f7e5609027ec801305bf') in 0.002397 seconds
  Import took 0.041116 seconds .

========================================================================
Received Import Request.
  Time since last request: 0.324211 seconds.
  path: Assets/Tenjin
  artifactKey: Guid(03f8e9e37612e446c94c468092c3f12d) Importer(815301076,1909f56bfc062723c751e8b465ee728b)
Start importing Assets/Tenjin using Guid(03f8e9e37612e446c94c468092c3f12d) Importer(815301076,1909f56bfc062723c751e8b465ee728b)  -> (artifact id: '9a72199a5196b1388bdb8f6055d8b337') in 0.010556 seconds
  Import took 0.046091 seconds .

========================================================================
Received Import Request.
  Time since last request: 88.234081 seconds.
  path: Assets/01.UnityProject/Scenes
  artifactKey: Guid(bc462644226744aa1b9f8e638bc28e82) Importer(815301076,1909f56bfc062723c751e8b465ee728b)
Start importing Assets/01.UnityProject/Scenes using Guid(bc462644226744aa1b9f8e638bc28e82) Importer(815301076,1909f56bfc062723c751e8b465ee728b)  -> (artifact id: '3770f3455a3e8262c0c8d13c0d42a020') in 0.001918 seconds
  Import took 0.041773 seconds .

========================================================================
Received Import Request.
  Time since last request: 13.284744 seconds.
  path: Assets/01.UnityProject/Scenes/E01
  artifactKey: Guid(3f6e0e1253e9441cd93ff78c65c573c2) Importer(815301076,1909f56bfc062723c751e8b465ee728b)
Start importing Assets/01.UnityProject/Scenes/E01 using Guid(3f6e0e1253e9441cd93ff78c65c573c2) Importer(815301076,1909f56bfc062723c751e8b465ee728b)  -> (artifact id: 'df600b3756e5a0ae959c2bb4fd763f0f') in 0.002960 seconds
  Import took 0.030542 seconds .

========================================================================
Received Import Request.
  Time since last request: 12.395592 seconds.
  path: Assets/01.UnityProject/Scenes/01.TitleScene.unity
  artifactKey: Guid(aae9b6e7e81ef48709f7408f5837f483) Importer(815301076,1909f56bfc062723c751e8b465ee728b)
Start importing Assets/01.UnityProject/Scenes/01.TitleScene.unity using Guid(aae9b6e7e81ef48709f7408f5837f483) Importer(815301076,1909f56bfc062723c751e8b465ee728b)  -> (artifact id: 'cc9c32255b8f506728f3c9a5b610abec') in 0.009031 seconds
  Import took 0.054463 seconds .

========================================================================
Received Import Request.
  Time since last request: 0.818124 seconds.
  path: Assets/01.UnityProject/Scenes/01.TitleScene 1.unity
  artifactKey: Guid(db293871b06834a12b2433f22ec1241c) Importer(815301076,1909f56bfc062723c751e8b465ee728b)
Start importing Assets/01.UnityProject/Scenes/01.TitleScene 1.unity using Guid(db293871b06834a12b2433f22ec1241c) Importer(815301076,1909f56bfc062723c751e8b465ee728b)  -> (artifact id: 'bb6d38b595a5dde8921ce936bf6a16e9') in 0.018340 seconds
  Import took 0.065394 seconds .

========================================================================
Received Import Request.
  Time since last request: 30.919698 seconds.
  path: Assets/01.UnityProject/Scenes/E01/===== 왕초보 따라하여 게임 만들기 =====.unity
  artifactKey: Guid(db293871b06834a12b2433f22ec1241c) Importer(815301076,1909f56bfc062723c751e8b465ee728b)
Start importing Assets/01.UnityProject/Scenes/E01/===== 왕초보 따라하여 게임 만들기 =====.unity using Guid(db293871b06834a12b2433f22ec1241c) Importer(815301076,1909f56bfc062723c751e8b465ee728b)  -> (artifact id: '011ba85fe6d5382823f32dcb6d4d6222') in 0.002531 seconds
  Import took 0.036177 seconds .

========================================================================
Received Prepare
Registering precompiled user dll's ...
Registered in 0.004652 seconds.
Begin MonoManager ReloadAssembly
Native extension for OSXStandalone target not found
Refreshing native plugins compatible for Editor in 1.15 ms, found 1 plugins.
Preloading 0 native plugins for Editor in 0.00 ms.
Invoked RoslynAnalysisRunner static constructor.
RoslynAnalysisRunner will not be running.
RoslynAnalysisRunner has terminated.
Mono: successfully reloaded assembly
- Completed reload, in  2.745 seconds
Platform modules already initialized, skipping
Shader 'TextMeshPro/Distance Field (SoftMaskable)': fallback shader 'TextMeshPro/Mobile/Distance Field' not found
Shader 'TextMeshPro/Distance Field (UIHsvModifier)': fallback shader 'TextMeshPro/Mobile/Distance Field (UIHsv)' not found
Shader 'Universal Render Pipeline/Particles/Lit': fallback shader 'Universal Render Pipeline/Particles/SimpleLit' not found
Shader 'TextMeshPro/Distance Field (SoftMaskable)': fallback shader 'TextMeshPro/Mobile/Distance Field' not found
Shader 'TextMeshPro/Distance Field (UIHsvModifier)': fallback shader 'TextMeshPro/Mobile/Distance Field (UIHsv)' not found
Refreshing native plugins compatible for Editor in 5.20 ms, found 1 plugins.
Preloading 0 native plugins for Editor in 0.00 ms.
Unloading 4092 Unused Serialized files (Serialized files now loaded: 0)
System memory in use before: 302.2 MB.
System memory in use after: 301.6 MB.

Unloading 51 unused Assets to reduce memory usage. Loaded Objects now: 4711.
Total: 5.904018 ms (FindLiveObjects: 0.580795 ms CreateObjectMapping: 0.305305 ms MarkObjects: 4.236502 ms  DeleteObjects: 0.778674 ms)

========================================================================
Received Prepare
Shader 'TextMeshPro/Distance Field (SoftMaskable)': fallback shader 'TextMeshPro/Mobile/Distance Field' not found
Shader 'TextMeshPro/Distance Field (UIHsvModifier)': fallback shader 'TextMeshPro/Mobile/Distance Field (UIHsv)' not found
Shader 'TextMeshPro/Distance Field (UIHsvModifier)': fallback shader 'TextMeshPro/Mobile/Distance Field (UIHsv)' not found
Shader 'Universal Render Pipeline/Particles/Lit': fallback shader 'Universal Render Pipeline/Particles/SimpleLit' not found
Shader 'TextMeshPro/Distance Field (SoftMaskable)': fallback shader 'TextMeshPro/Mobile/Distance Field' not found
Refreshing native plugins compatible for Editor in 5.45 ms, found 1 plugins.
Preloading 0 native plugins for Editor in 0.00 ms.
Unloading 48 Unused Serialized files (Serialized files now loaded: 0)
System memory in use before: 219.0 MB.
System memory in use after: 218.4 MB.

Unloading 48 unused Assets to reduce memory usage. Loaded Objects now: 4711.
Total: 5.663485 ms (FindLiveObjects: 0.645336 ms CreateObjectMapping: 0.417517 ms MarkObjects: 3.849061 ms  DeleteObjects: 0.749078 ms)

